<?xml version="1.0" encoding="UTF-8"?>
<testng-results skipped="0" failed="0" total="3" passed="3">
  <reporter-output>
  </reporter-output>
  <suite name="Default suite" duration-ms="22279" started-at="2018-04-18T16:01:19Z" finished-at="2018-04-18T16:01:42Z">
    <groups>
    </groups>
    <test name="Default test" duration-ms="22279" started-at="2018-04-18T16:01:19Z" finished-at="2018-04-18T16:01:42Z">
      <class name="com.Android.Alamqa.AndroidRunnerClass">
        <test-method status="PASS" signature="Test1()[pri:1, instance:com.Android.Alamqa.AndroidRunnerClass@6f7fd0e6]" name="Test1" duration-ms="8075" started-at="2018-04-18T12:01:19Z" finished-at="2018-04-18T12:01:28Z">
          <reporter-output>
          </reporter-output>
        </test-method> <!-- Test1 -->
        <test-method status="PASS" signature="Test2()[pri:2, instance:com.Android.Alamqa.AndroidRunnerClass@6f7fd0e6]" name="Test2" duration-ms="6641" started-at="2018-04-18T12:01:28Z" finished-at="2018-04-18T12:01:34Z">
          <reporter-output>
          </reporter-output>
        </test-method> <!-- Test2 -->
        <test-method status="PASS" signature="Test3()[pri:3, instance:com.Android.Alamqa.AndroidRunnerClass@6f7fd0e6]" name="Test3" duration-ms="7545" started-at="2018-04-18T12:01:34Z" finished-at="2018-04-18T12:01:42Z">
          <reporter-output>
          </reporter-output>
        </test-method> <!-- Test3 -->
      </class> <!-- com.Android.Alamqa.AndroidRunnerClass -->
    </test> <!-- Default test -->
  </suite> <!-- Default suite -->
</testng-results>
