<?xml version="1.0" encoding="UTF-8"?>
<!-- Generated by org.testng.reporters.JUnitXMLReporter -->
<testsuite hostname="Mohammeds-MacBook-Pro.local" name="Default test" tests="3" failures="0" timestamp="18 Apr 2018 16:01:42 GMT" time="22.279" errors="0">
  <testcase name="Test1" time="8.075" classname="com.Android.Alamqa.AndroidRunnerClass"/>
  <testcase name="Test2" time="6.641" classname="com.Android.Alamqa.AndroidRunnerClass"/>
  <testcase name="Test3" time="7.545" classname="com.Android.Alamqa.AndroidRunnerClass"/>
</testsuite> <!-- Default test -->
